Log file open, 04/24/18 15:41:54
LogWindows: Failed to load 'aqProf.dll' (GetLastError=126)
LogWindows: File 'aqProf.dll' does not exist
LogWindows: Failed to load 'VtuneApi.dll' (GetLastError=126)
LogWindows: File 'VtuneApi.dll' does not exist
LogWindows: Failed to load 'VtuneApi32e.dll' (GetLastError=126)
LogWindows: File 'VtuneApi32e.dll' does not exist
LogInit: Display: Running engine for game: UnrealSketching
LogPlatformFile: Not using cached read wrapper
LogInit: Display: RandInit(465344404) SRandInit(465344404).
LogInit: Read version file with build ID '3944462'
LogInit: Overriding engine version to CL 3989454, compatible CL 3944462
LogInit: Registered custom module enumerator with build ID '3944462'
LogTaskGraph: Started task graph with 5 named threads and 23 total threads with 3 sets of task threads.
LogStats: Stats thread started at 0.245270
LogD3D11RHI: Aftermath initialized
LogICUInternationalization: Display: ICU TimeZone Detection - Raw Offset: +1:00, Platform Override: ''
LogPluginManager: Mounting plugin Paper2D
LogPluginManager: Mounting plugin LiveLink
LogPluginManager: Mounting plugin LightPropagationVolume
LogPluginManager: Mounting plugin CLionSourceCodeAccess
LogPluginManager: Mounting plugin CodeLiteSourceCodeAccess
LogPluginManager: Mounting plugin GitSourceControl
LogPluginManager: Mounting plugin KDevelopSourceCodeAccess
LogPluginManager: Mounting plugin NullSourceCodeAccess
LogPluginManager: Mounting plugin PerforceSourceControl
LogPluginManager: Mounting plugin SubversionSourceControl
LogPluginManager: Mounting plugin UObjectPlugin
LogPluginManager: Mounting plugin VisualStudioCodeSourceCodeAccess
LogPluginManager: Mounting plugin VisualStudioSourceCodeAccess
LogPluginManager: Mounting plugin XCodeSourceCodeAccess
LogPluginManager: Mounting plugin AssetManagerEditor
LogPluginManager: Mounting plugin CryptoKeys
LogPluginManager: Mounting plugin DataValidation
LogPluginManager: Mounting plugin FacialAnimation
LogPluginManager: Mounting plugin GameplayTagsEditor
LogPluginManager: Mounting plugin MobileLauncherProfileWizard
LogPluginManager: Mounting plugin PluginBrowser
LogPluginManager: Mounting plugin SpeedTreeImporter
LogPluginManager: Mounting plugin DatasmithContent
LogPluginManager: Mounting plugin AlembicImporter
LogPluginManager: Mounting plugin CharacterAI
LogPluginManager: Mounting plugin HTML5Networking
LogPluginManager: Mounting plugin AndroidMedia
LogPluginManager: Mounting plugin AvfMedia
LogPluginManager: Mounting plugin ImgMedia
LogPluginManager: Mounting plugin LinearTimecode
LogPluginManager: Mounting plugin MediaCompositing
LogPluginManager: Mounting plugin MediaPlayerEditor
LogPluginManager: Mounting plugin WmfMedia
LogPluginManager: Mounting plugin TcpMessaging
LogPluginManager: Mounting plugin UdpMessaging
LogPluginManager: Mounting plugin ActorSequence
LogPluginManager: Mounting plugin LevelSequenceEditor
LogPluginManager: Mounting plugin MatineeToLevelSequence
LogPluginManager: Mounting plugin NetcodeUnitTest
LogPluginManager: Mounting plugin NUTUnrealEngine4
LogPluginManager: Mounting plugin OnlineSubsystemGooglePlay
LogPluginManager: Mounting plugin OnlineSubsystemIOS
LogPluginManager: Mounting plugin OnlineSubsystem
LogPluginManager: Mounting plugin OnlineSubsystemNull
LogPluginManager: Mounting plugin OnlineSubsystemUtils
LogPluginManager: Mounting plugin AndroidDeviceProfileSelector
LogPluginManager: Mounting plugin AndroidMoviePlayer
LogPluginManager: Mounting plugin AndroidPermission
LogPluginManager: Mounting plugin AppleARKit
LogPluginManager: Mounting plugin AppleMoviePlayer
LogPluginManager: Mounting plugin ArchVisCharacter
LogPluginManager: Mounting plugin AudioCapture
LogPluginManager: Mounting plugin CableComponent
LogPluginManager: Mounting plugin CustomMeshComponent
LogPluginManager: Mounting plugin ExampleDeviceProfileSelector
LogPluginManager: Mounting plugin GoogleCloudMessaging
LogPluginManager: Mounting plugin ImmediatePhysics
LogPluginManager: Mounting plugin IOSDeviceProfileSelector
LogPluginManager: Mounting plugin LeapMotion
LogPluginManager: Mounting plugin LinuxDeviceProfileSelector
LogPluginManager: Mounting plugin LocationServicesBPLibrary
LogPluginManager: Mounting plugin MobilePatchingUtils
LogPluginManager: Mounting plugin OculusVR
LogPluginManager: Plugin shader directory ../../../Engine/Plugins/Runtime/Oculus/OculusVR/Shaders found
LogPluginManager: Mapping shader source directory ../../../Engine/Plugins/Runtime/Oculus/OculusVR/Shaders to virtual directory /Plugin/OculusVR
LogPluginManager: Mounting plugin PhysXVehicles
LogPluginManager: Mounting plugin ProceduralMeshComponent
LogPluginManager: Mounting plugin RuntimePhysXCooking
LogPluginManager: Mounting plugin SteamVR
LogPluginManager: Mounting plugin WindowsMoviePlayer
LogPluginManager: Mounting plugin OSC
LogStreaming: Display: Took  0.096s to configure plugins.
LogModuleManager: Display: Found up-to-date module file C:/Users/faculty/Documents/vr-3d-sketching/vr-3d-sketching/UnrealSketching 4.19/Binaries/Win64/UE4Editor-UnrealSketching.dll (API version 3944462).
LogModuleManager: Display: Found up-to-date module file ../../../Engine/Plugins/2D/Paper2D/Binaries/Win64/UE4Editor-Paper2D.dll (API version 3944462).
LogModuleManager: Display: Found up-to-date module file ../../../Engine/Plugins/2D/Paper2D/Binaries/Win64/UE4Editor-Paper2DEditor.dll (API version 3944462).
LogModuleManager: Display: Found up-to-date module file ../../../Engine/Plugins/2D/Paper2D/Binaries/Win64/UE4Editor-PaperSpriteSheetImporter.dll (API version 3944462).
LogModuleManager: Display: Found up-to-date module file ../../../Engine/Plugins/2D/Paper2D/Binaries/Win64/UE4Editor-PaperTiledImporter.dll (API version 3944462).
LogModuleManager: Display: Found up-to-date module file ../../../Engine/Plugins/2D/Paper2D/Binaries/Win64/UE4Editor-SmartSnapping.dll (API version 3944462).
LogModuleManager: Display: Found up-to-date module file ../../../Engine/Plugins/Animation/LiveLink/Binaries/Win64/UE4Editor-LiveLink.dll (API version 3944462).
LogModuleManager: Display: Found up-to-date module file ../../../Engine/Plugins/Animation/LiveLink/Binaries/Win64/UE4Editor-LiveLinkEditor.dll (API version 3944462).
LogModuleManager: Display: Found up-to-date module file ../../../Engine/Plugins/Blendables/LightPropagationVolume/Binaries/Win64/UE4Editor-LightPropagationVolumeRuntime.dll (API version 3944462).
LogModuleManager: Display: Found up-to-date module file ../../../Engine/Plugins/Blendables/LightPropagationVolume/Binaries/Win64/UE4Editor-LightPropagationVolumeEditor.dll (API version 3944462).
LogModuleManager: Display: Found up-to-date module file ../../../Engine/Plugins/Developer/CLionSourceCodeAccess/Binaries/Win64/UE4Editor-CLionSourceCodeAccess.dll (API version 3944462).
LogModuleManager: Display: Found up-to-date module file ../../../Engine/Plugins/Developer/GitSourceControl/Binaries/Win64/UE4Editor-GitSourceControl.dll (API version 3944462).
LogModuleManager: Display: Found up-to-date module file ../../../Engine/Plugins/Developer/PerforceSourceControl/Binaries/Win64/UE4Editor-PerforceSourceControl.dll (API version 3944462).
LogModuleManager: Display: Found up-to-date module file ../../../Engine/Plugins/Developer/SubversionSourceControl/Binaries/Win64/UE4Editor-SubversionSourceControl.dll (API version 3944462).
LogModuleManager: Display: Found up-to-date module file ../../../Engine/Plugins/Developer/UObjectPlugin/Binaries/Win64/UE4Editor-UObjectPlugin.dll (API version 3944462).
LogModuleManager: Display: Found up-to-date module file ../../../Engine/Plugins/Developer/VisualStudioCodeSourceCodeAccess/Binaries/Win64/UE4Editor-VisualStudioCodeSourceCodeAccess.dll (API version 3944462).
LogModuleManager: Display: Found up-to-date module file ../../../Engine/Plugins/Developer/VisualStudioSourceCodeAccess/Binaries/Win64/UE4Editor-VisualStudioSourceCodeAccess.dll (API version 3944462).
LogModuleManager: Display: Found up-to-date module file ../../../Engine/Plugins/Editor/AssetManagerEditor/Binaries/Win64/UE4Editor-AssetManagerEditor.dll (API version 3944462).
LogModuleManager: Display: Found up-to-date module file ../../../Engine/Plugins/Editor/CryptoKeys/Binaries/Win64/UE4Editor-CryptoKeys.dll (API version 3944462).
LogModuleManager: Display: Found up-to-date module file ../../../Engine/Plugins/Editor/CryptoKeys/Binaries/Win64/UE4Editor-CryptoKeysOpenSSL.dll (API version 3944462).
LogModuleManager: Display: Found up-to-date module file ../../../Engine/Plugins/Editor/DataValidation/Binaries/Win64/UE4Editor-DataValidation.dll (API version 3944462).
LogModuleManager: Display: Found up-to-date module file ../../../Engine/Plugins/Editor/FacialAnimation/Binaries/Win64/UE4Editor-FacialAnimation.dll (API version 3944462).
LogModuleManager: Display: Found up-to-date module file ../../../Engine/Plugins/Editor/FacialAnimation/Binaries/Win64/UE4Editor-FacialAnimationEditor.dll (API version 3944462).
LogModuleManager: Display: Found up-to-date module file ../../../Engine/Plugins/Editor/GameplayTagsEditor/Binaries/Win64/UE4Editor-GameplayTagsEditor.dll (API version 3944462).
LogModuleManager: Display: Found up-to-date module file ../../../Engine/Plugins/Editor/MobileLauncherProfileWizard/Binaries/Win64/UE4Editor-MobileLauncherProfileWizard.dll (API version 3944462).
LogModuleManager: Display: Found up-to-date module file ../../../Engine/Plugins/Editor/PluginBrowser/Binaries/Win64/UE4Editor-PluginBrowser.dll (API version 3944462).
LogModuleManager: Display: Found up-to-date module file ../../../Engine/Plugins/Editor/SpeedTreeImporter/Binaries/Win64/UE4Editor-SpeedTreeImporter.dll (API version 3944462).
LogModuleManager: Display: Found up-to-date module file ../../../Engine/Plugins/Enterprise/DatasmithContent/Binaries/Win64/UE4Editor-DatasmithContent.dll (API version 3944462).
LogModuleManager: Display: Found up-to-date module file ../../../Engine/Plugins/Experimental/AlembicImporter/Binaries/Win64/UE4Editor-AlembicImporter.dll (API version 3944462).
LogModuleManager: Display: Found up-to-date module file ../../../Engine/Plugins/Experimental/AlembicImporter/Binaries/Win64/UE4Editor-AlembicLibrary.dll (API version 3944462).
LogModuleManager: Display: Found up-to-date module file ../../../Engine/Plugins/Experimental/CharacterAI/Binaries/Win64/UE4Editor-CharacterAI.dll (API version 3944462).
LogModuleManager: Display: Found up-to-date module file ../../../Engine/Plugins/Experimental/HTML5Networking/Binaries/Win64/UE4Editor-HTML5Networking.dll (API version 3944462).
LogModuleManager: Display: Found up-to-date module file ../../../Engine/Plugins/Media/AndroidMedia/Binaries/Win64/UE4Editor-AndroidMediaEditor.dll (API version 3944462).
LogModuleManager: Display: Found up-to-date module file ../../../Engine/Plugins/Media/AndroidMedia/Binaries/Win64/UE4Editor-AndroidMediaFactory.dll (API version 3944462).
LogModuleManager: Display: Found up-to-date module file ../../../Engine/Plugins/Media/AvfMedia/Binaries/Win64/UE4Editor-AvfMediaEditor.dll (API version 3944462).
LogModuleManager: Display: Found up-to-date module file ../../../Engine/Plugins/Media/AvfMedia/Binaries/Win64/UE4Editor-AvfMediaFactory.dll (API version 3944462).
LogModuleManager: Display: Found up-to-date module file ../../../Engine/Plugins/Media/AvfMedia/Binaries/Win64/UE4Editor-AvfMediaFactory.dll (API version 3944462).
LogModuleManager: Display: Found up-to-date module file ../../../Engine/Plugins/Media/ImgMedia/Binaries/Win64/UE4Editor-ImgMedia.dll (API version 3944462).
LogModuleManager: Display: Found up-to-date module file ../../../Engine/Plugins/Media/ImgMedia/Binaries/Win64/UE4Editor-ImgMediaEditor.dll (API version 3944462).
LogModuleManager: Display: Found up-to-date module file ../../../Engine/Plugins/Media/ImgMedia/Binaries/Win64/UE4Editor-ImgMediaFactory.dll (API version 3944462).
LogModuleManager: Display: Found up-to-date module file ../../../Engine/Plugins/Media/ImgMedia/Binaries/Win64/UE4Editor-ImgMediaFactory.dll (API version 3944462).
LogModuleManager: Display: Found up-to-date module file ../../../Engine/Plugins/Media/ImgMedia/Binaries/Win64/UE4Editor-OpenExrWrapper.dll (API version 3944462).
LogModuleManager: Display: Found up-to-date module file ../../../Engine/Plugins/Media/LinearTimecode/Binaries/Win64/UE4Editor-LinearTimecode.dll (API version 3944462).
LogModuleManager: Display: Found up-to-date module file ../../../Engine/Plugins/Media/MediaCompositing/Binaries/Win64/UE4Editor-MediaCompositing.dll (API version 3944462).
LogModuleManager: Display: Found up-to-date module file ../../../Engine/Plugins/Media/MediaCompositing/Binaries/Win64/UE4Editor-MediaCompositingEditor.dll (API version 3944462).
LogModuleManager: Display: Found up-to-date module file ../../../Engine/Plugins/Media/MediaPlayerEditor/Binaries/Win64/UE4Editor-MediaPlayerEditor.dll (API version 3944462).
LogModuleManager: Display: Found up-to-date module file ../../../Engine/Plugins/Media/WmfMedia/Binaries/Win64/UE4Editor-WmfMedia.dll (API version 3944462).
LogModuleManager: Display: Found up-to-date module file ../../../Engine/Plugins/Media/WmfMedia/Binaries/Win64/UE4Editor-WmfMediaEditor.dll (API version 3944462).
LogModuleManager: Display: Found up-to-date module file ../../../Engine/Plugins/Media/WmfMedia/Binaries/Win64/UE4Editor-WmfMediaFactory.dll (API version 3944462).
LogModuleManager: Display: Found up-to-date module file ../../../Engine/Plugins/Media/WmfMedia/Binaries/Win64/UE4Editor-WmfMediaFactory.dll (API version 3944462).
LogModuleManager: Display: Found up-to-date module file ../../../Engine/Plugins/Messaging/TcpMessaging/Binaries/Win64/UE4Editor-TcpMessaging.dll (API version 3944462).
LogModuleManager: Display: Found up-to-date module file ../../../Engine/Plugins/Messaging/UdpMessaging/Binaries/Win64/UE4Editor-UdpMessaging.dll (API version 3944462).
LogModuleManager: Display: Found up-to-date module file ../../../Engine/Plugins/MovieScene/ActorSequence/Binaries/Win64/UE4Editor-ActorSequence.dll (API version 3944462).
LogModuleManager: Display: Found up-to-date module file ../../../Engine/Plugins/MovieScene/LevelSequenceEditor/Binaries/Win64/UE4Editor-LevelSequenceEditor.dll (API version 3944462).
LogModuleManager: Display: Found up-to-date module file ../../../Engine/Plugins/MovieScene/MatineeToLevelSequence/Binaries/Win64/UE4Editor-MatineeToLevelSequence.dll (API version 3944462).
LogModuleManager: Display: Found up-to-date module file ../../../Engine/Plugins/NetcodeUnitTest/NetcodeUnitTest/Binaries/Win64/UE4Editor-NetcodeUnitTest.dll (API version 3944462).
LogModuleManager: Display: Found up-to-date module file ../../../Engine/Plugins/NetcodeUnitTest/NUTUnrealEngine4/Binaries/Win64/UE4Editor-NUTUnrealEngine4.dll (API version 3944462).
LogModuleManager: Display: Found up-to-date module file ../../../Engine/Plugins/Online/OnlineSubsystem/Binaries/Win64/UE4Editor-OnlineSubsystem.dll (API version 3944462).
LogModuleManager: Display: Found up-to-date module file ../../../Engine/Plugins/Online/OnlineSubsystemNull/Binaries/Win64/UE4Editor-OnlineSubsystemNull.dll (API version 3944462).
LogModuleManager: Display: Found up-to-date module file ../../../Engine/Plugins/Online/OnlineSubsystemUtils/Binaries/Win64/UE4Editor-OnlineSubsystemUtils.dll (API version 3944462).
LogModuleManager: Display: Found up-to-date module file ../../../Engine/Plugins/Online/OnlineSubsystemUtils/Binaries/Win64/UE4Editor-OnlineBlueprintSupport.dll (API version 3944462).
LogModuleManager: Display: Found up-to-date module file ../../../Engine/Plugins/Runtime/AndroidDeviceProfileSelector/Binaries/Win64/UE4Editor-AndroidDeviceProfileSelector.dll (API version 3944462).
LogModuleManager: Display: Found up-to-date module file ../../../Engine/Plugins/Runtime/AndroidPermission/Binaries/Win64/UE4Editor-AndroidPermission.dll (API version 3944462).
LogModuleManager: Display: Found up-to-date module file ../../../Engine/Plugins/Runtime/AppleARKit/Binaries/Win64/UE4Editor-AppleARKit.dll (API version 3944462).
LogModuleManager: Display: Found up-to-date module file ../../../Engine/Plugins/Runtime/ArchVisCharacter/Binaries/Win64/UE4Editor-ArchVisCharacter.dll (API version 3944462).
LogModuleManager: Display: Found up-to-date module file ../../../Engine/Plugins/Runtime/AudioCapture/Binaries/Win64/UE4Editor-AudioCapture.dll (API version 3944462).
LogModuleManager: Display: Found up-to-date module file ../../../Engine/Plugins/Runtime/AudioCapture/Binaries/Win64/UE4Editor-AudioCaptureEditor.dll (API version 3944462).
LogModuleManager: Display: Found up-to-date module file ../../../Engine/Plugins/Runtime/CableComponent/Binaries/Win64/UE4Editor-CableComponent.dll (API version 3944462).
LogModuleManager: Display: Found up-to-date module file ../../../Engine/Plugins/Runtime/CustomMeshComponent/Binaries/Win64/UE4Editor-CustomMeshComponent.dll (API version 3944462).
LogModuleManager: Display: Found up-to-date module file ../../../Engine/Plugins/Runtime/ExampleDeviceProfileSelector/Binaries/Win64/UE4Editor-ExampleDeviceProfileSelector.dll (API version 3944462).
LogModuleManager: Display: Found up-to-date module file ../../../Engine/Plugins/Runtime/ImmediatePhysics/Binaries/Win64/UE4Editor-ImmediatePhysics.dll (API version 3944462).
LogModuleManager: Display: Found up-to-date module file ../../../Engine/Plugins/Runtime/ImmediatePhysics/Binaries/Win64/UE4Editor-ImmediatePhysicsEditor.dll (API version 3944462).
LogModuleManager: Display: Found up-to-date module file ../../../Engine/Plugins/Runtime/LeapMotion/Binaries/Win64/UE4Editor-LeapMotion.dll (API version 3944462).
LogModuleManager: Display: Found up-to-date module file ../../../Engine/Plugins/Runtime/LocationServicesBPLibrary/Binaries/Win64/UE4Editor-LocationServicesBPLibrary.dll (API version 3944462).
LogModuleManager: Display: Found up-to-date module file ../../../Engine/Plugins/Runtime/MobilePatchingUtils/Binaries/Win64/UE4Editor-MobilePatchingUtils.dll (API version 3944462).
LogModuleManager: Display: Found up-to-date module file ../../../Engine/Plugins/Runtime/Oculus/OculusVR/Binaries/Win64/UE4Editor-OculusHMD.dll (API version 3944462).
LogModuleManager: Display: Found up-to-date module file ../../../Engine/Plugins/Runtime/Oculus/OculusVR/Binaries/Win64/UE4Editor-OculusInput.dll (API version 3944462).
LogModuleManager: Display: Found up-to-date module file ../../../Engine/Plugins/Runtime/Oculus/OculusVR/Binaries/Win64/UE4Editor-OculusEditor.dll (API version 3944462).
LogModuleManager: Display: Found up-to-date module file ../../../Engine/Plugins/Runtime/PhysXVehicles/Binaries/Win64/UE4Editor-PhysXVehicles.dll (API version 3944462).
LogModuleManager: Display: Found up-to-date module file ../../../Engine/Plugins/Runtime/PhysXVehicles/Binaries/Win64/UE4Editor-PhysXVehiclesEditor.dll (API version 3944462).
LogModuleManager: Display: Found up-to-date module file ../../../Engine/Plugins/Runtime/ProceduralMeshComponent/Binaries/Win64/UE4Editor-ProceduralMeshComponent.dll (API version 3944462).
LogModuleManager: Display: Found up-to-date module file ../../../Engine/Plugins/Runtime/ProceduralMeshComponent/Binaries/Win64/UE4Editor-ProceduralMeshComponentEditor.dll (API version 3944462).
LogModuleManager: Display: Found up-to-date module file ../../../Engine/Plugins/Runtime/RuntimePhysXCooking/Binaries/Win64/UE4Editor-RuntimePhysXCooking.dll (API version 3944462).
LogModuleManager: Display: Found up-to-date module file ../../../Engine/Plugins/Runtime/Steam/SteamVR/Binaries/Win64/UE4Editor-SteamVR.dll (API version 3944462).
LogModuleManager: Display: Found up-to-date module file ../../../Engine/Plugins/Runtime/Steam/SteamVR/Binaries/Win64/UE4Editor-SteamVRController.dll (API version 3944462).
LogModuleManager: Display: Found up-to-date module file ../../../Engine/Plugins/Runtime/WindowsMoviePlayer/Binaries/Win64/UE4Editor-WindowsMoviePlayer.dll (API version 3944462).
LogModuleManager: Display: Found up-to-date module file C:/Users/faculty/Documents/vr-3d-sketching/vr-3d-sketching/UnrealSketching 4.19/Plugins/OSC/Binaries/Win64/UE4Editor-OSC.dll (API version 3944462).
LogInit: Using libcurl 7.47.1
LogInit:  - built for x86_64-pc-win32
LogInit:  - supports SSL with OpenSSL/1.0.2g
LogInit:  - supports HTTP deflate (compression) using libz 1.2.8
LogInit:  - other features:
LogInit:      CURL_VERSION_SSL
LogInit:      CURL_VERSION_LIBZ
LogInit:      CURL_VERSION_IPV6
LogInit:      CURL_VERSION_ASYNCHDNS
LogInit:      CURL_VERSION_LARGEFILE
LogInit:      CURL_VERSION_IDN
LogInit:  CurlRequestOptions (configurable via config and command line):
LogInit:  - bVerifyPeer = false  - Libcurl will NOT verify peer certificate
LogInit:  - bUseHttpProxy = false  - Libcurl will NOT use HTTP proxy
LogInit:  - bDontReuseConnections = false  - Libcurl will reuse connections
LogInit:  - CertBundlePath = nullptr  - Libcurl will use whatever was configured at build time.
LogInit:  - MaxHostConnections = 16  - Libcurl will limit the number of connections to a host
LogInit:  - LocalHostAddr = Default
LogInit: WinSock: version 1.1 (2.2), MaxSocks=32767, MaxUdp=65467
LogInit: WinSock: I am DESKTOP-NFVIUNB (129.16.216.195:0)
LeapPluginLog: Using LeapPlugin version 2.0.0
LogInit: Build: ++UE4+Release-4.19-CL-3989454
LogInit: Engine Version: 4.19.1-3989454+++UE4+Release-4.19
LogInit: Compatible Engine Version: 4.19.0-3944462+++UE4+Release-4.19
LogInit: Net CL: 3944462
LogDevObjectVersion: Number of dev versions registered: 18
LogDevObjectVersion:   Dev-Blueprints (B0D832E4-1F89-4F0D-ACCF-7EB736FD4AA2): 10
LogDevObjectVersion:   Dev-Build (E1C64328-A22C-4D53-A36C-8E866417BD8C): 0
LogDevObjectVersion:   Dev-Core (375EC13C-06E4-48FB-B500-84F0262A717E): 2
LogDevObjectVersion:   Dev-Editor (E4B068ED-F494-42E9-A231-DA0B2E46BB41): 23
LogDevObjectVersion:   Dev-Framework (CFFC743F-43B0-4480-9391-14DF171D2073): 33
LogDevObjectVersion:   Dev-Mobile (B02B49B5-BB20-44E9-A304-32B752E40360): 2
LogDevObjectVersion:   Dev-Networking (A4E4105C-59A1-49B5-A7C5-40C4547EDFEE): 0
LogDevObjectVersion:   Dev-Online (39C831C9-5AE6-47DC-9A44-9C173E1C8E7C): 0
LogDevObjectVersion:   Dev-Physics (78F01B33-EBEA-4F98-B9B4-84EACCB95AA2): 0
LogDevObjectVersion:   Dev-Platform (6631380F-2D4D-43E0-8009-CF276956A95A): 0
LogDevObjectVersion:   Dev-Rendering (12F88B9F-8875-4AFC-A67C-D90C383ABD29): 25
LogDevObjectVersion:   Dev-Sequencer (7B5AE74C-D270-4C10-A958-57980B212A5A): 6
LogDevObjectVersion:   Dev-VR (D7296918-1DD6-4BDD-9DE2-64A83CC13884): 1
LogDevObjectVersion:   Dev-LoadTimes (C2A15278-BFE7-4AFE-6C17-90FF531DF755): 1
LogDevObjectVersion:   Private-Geometry (6EACA3D4-40EC-4CC1-B786-8BED09428FC5): 2
LogDevObjectVersion:   Dev-AnimPhys (29E575DD-E0A3-4627-9D10-D276232CDCEA): 16
LogDevObjectVersion:   Dev-ReflectionCapture (6B266CEC-1EC7-4B8F-A30B-E4D90942FC07): 1
LogDevObjectVersion:   Dev-Automation (0DF73D61-A23F-47EA-B727-89E90C41499A): 1
LogInit: Compiled (64-bit): Apr  6 2018 12:26:04
LogInit: Compiled with Visual C++: 19.00.24215.01
LogInit: Build Configuration: Development
LogInit: Branch Name: ++UE4+Release-4.19
LogInit: Command Line:  
LogInit: Base Directory: D:/UnrealEngine/UE_4.19/Engine/Binaries/Win64/
LogInit: Installed Engine Build: 1
LogStreaming: Display: Took  0.000s to delete old logs.
LogInit: Presizing for max 8388607 objects, including 0 objects not considered by GC, pre-allocating 0 bytes for permanent pool.
LogInit: Object subsystem initialized
[2018.04.24-13.41.56:149][  0]LogInit: Selected Device Profile: [Windows]
[2018.04.24-13.41.56:149][  0]LogInit: Applying CVar settings loaded from the selected device profile: [Windows]
[2018.04.24-13.41.56:164][  0]LogInit: Computer: DESKTOP-NFVIUNB
[2018.04.24-13.41.56:164][  0]LogInit: User: faculty
[2018.04.24-13.41.56:164][  0]LogInit: CPU Page size=4096, Cores=4
[2018.04.24-13.41.56:164][  0]LogInit: High frequency timer resolution =3.914063 MHz
[2018.04.24-13.41.56:164][  0]LogMemory: Memory total: Physical=15.9GB (16GB approx)
[2018.04.24-13.41.56:164][  0]LogMemory: Platform Memory Stats for Windows
[2018.04.24-13.41.56:164][  0]LogMemory: Process Physical Memory: 284.20 MB used, 284.20 MB peak
[2018.04.24-13.41.56:164][  0]LogMemory: Process Virtual Memory: 286.45 MB used, 286.45 MB peak
[2018.04.24-13.41.56:164][  0]LogMemory: Physical Memory: 6118.34 MB used,  10204.88 MB free, 16323.21 MB total
[2018.04.24-13.41.56:164][  0]LogMemory: Virtual Memory: 813.47 MB used,  10204.88 MB free, 134217728.00 MB total
[2018.04.24-13.41.56:177][  0]LogInit: Using OS detected language (en-GB).
[2018.04.24-13.41.56:177][  0]LogInit: Using OS detected locale (en-GB).
[2018.04.24-13.41.56:179][  0]LogTextLocalizationManager: No specific localization for 'en-GB' exists, so the 'en' localization will be used.
[2018.04.24-13.41.56:542][  0]LogStreaming: Display: Took  0.365s to EndInitTextLocalization.
[2018.04.24-13.41.56:542][  0]LogInit: Setting process to per monitor DPI aware
[2018.04.24-13.41.56:564][  0]LogSlate: New Slate User Created.  User Index 0, Is Virtual User: 0
[2018.04.24-13.41.56:564][  0]LogSlate: Slate User Registered.  User Index 0, Is Virtual User: 0
[2018.04.24-13.41.56:720][  0]LogD3D11RHI: D3D11 adapters:
[2018.04.24-13.41.56:756][  0]LogD3D11RHI:    0. 'NVIDIA GeForce GTX 1080' (Feature Level 11_0)
[2018.04.24-13.41.56:756][  0]LogD3D11RHI:       8079/0/8161 MB DedicatedVideo/DedicatedSystem/SharedSystem, Outputs:2, VendorId:0x10de
[2018.04.24-13.41.56:759][  0]LogD3D11RHI:    1. 'Microsoft Basic Render Driver' (Feature Level 11_0)
[2018.04.24-13.41.56:759][  0]LogD3D11RHI:       0/0/8161 MB DedicatedVideo/DedicatedSystem/SharedSystem, Outputs:0, VendorId:0x1414
[2018.04.24-13.41.56:759][  0]LogD3D11RHI: Chosen D3D11 Adapter: 0
[2018.04.24-13.41.56:766][  0]LogD3D11RHI: Creating new Direct3DDevice
[2018.04.24-13.41.56:766][  0]LogD3D11RHI:     GPU DeviceId: 0x1b80 (for the marketing name, search the web for "GPU Device Id")
[2018.04.24-13.41.56:766][  0]LogWindows: EnumDisplayDevices:
[2018.04.24-13.41.56:766][  0]LogWindows:    0. 'NVIDIA GeForce GTX 1080' (P:1 D:1)
[2018.04.24-13.41.56:766][  0]LogWindows:    1. 'NVIDIA GeForce GTX 1080' (P:0 D:1)
[2018.04.24-13.41.56:766][  0]LogWindows:    2. 'NVIDIA GeForce GTX 1080' (P:0 D:0)
[2018.04.24-13.41.56:766][  0]LogWindows:    3. 'NVIDIA GeForce GTX 1080' (P:0 D:0)
[2018.04.24-13.41.56:766][  0]LogWindows: DebugString: GetVideoDriverDetailsInvalid PrimaryIsNotTheChoosenAdapter GetVideoDriverDetailsInvalid PrimaryIsNotTheChoosenAdapter GetVideoDriverDetailsInvalid PrimaryIsNotTheChoosenAdapter GetVideoDriverDetailsInvalid PrimaryIsNotTheChoosenAdapter FoundDriverCount:0 
[2018.04.24-13.41.56:767][  0]LogD3D11RHI:     Adapter Name: NVIDIA GeForce GTX 1080
[2018.04.24-13.41.56:767][  0]LogD3D11RHI:   Driver Version: Unknown (internal:Unknown, unified:Unknown)
[2018.04.24-13.41.56:767][  0]LogD3D11RHI:      Driver Date: Unknown
[2018.04.24-13.41.56:767][  0]LogRHI: Texture pool is 5655 MB (70% of 8079 MB)
[2018.04.24-13.41.56:796][  0]LogD3D11RHI: [Aftermath] Aftermath enabled and primed
[2018.04.24-13.41.56:796][  0]LogD3D11RHI: [Aftermath] Aftermath enabled and primed
[2018.04.24-13.41.56:796][  0]LogD3D11RHI: Async texture creation enabled
[2018.04.24-13.41.56:813][  0]LogD3D11RHI: GPU Timing Frequency: 1000.000000 (Debug: 2 2)
[2018.04.24-13.41.56:857][  0]LogShaderCompilers: Guid format shader working directory is -31 characters bigger than the processId version (C:/Users/faculty/Documents/vr-3d-sketching/vr-3d-sketching/UnrealSketching 4.19/Intermediate/Shaders/WorkingDirectory/4312/).
[2018.04.24-13.41.56:857][  0]LogShaderCompilers: Cleaned the shader compiler working directory 'C:/Users/faculty/AppData/Local/Temp/UnrealShaderWorkingDir/CD18B12A4D8538BB7558A2BFC2AE8FEE/'.
[2018.04.24-13.41.57:035][  0]LogTemp: Display: Loaded TP AllDesktopTargetPlatform
[2018.04.24-13.41.57:047][  0]LogTemp: Display: Loaded TP MacClientTargetPlatform
[2018.04.24-13.41.57:060][  0]LogTemp: Display: Loaded TP MacNoEditorTargetPlatform
[2018.04.24-13.41.57:077][  0]LogTemp: Display: Loaded TP MacServerTargetPlatform
[2018.04.24-13.41.57:094][  0]LogTemp: Display: Loaded TP MacTargetPlatform
[2018.04.24-13.41.57:109][  0]LogTemp: Display: Loaded TP WindowsClientTargetPlatform
[2018.04.24-13.41.57:119][  0]LogTemp: Display: Loaded TP WindowsNoEditorTargetPlatform
[2018.04.24-13.41.57:131][  0]LogTemp: Display: Loaded TP WindowsServerTargetPlatform
[2018.04.24-13.41.57:136][  0]LogTemp: Display: Loaded TP WindowsTargetPlatform
[2018.04.24-13.41.57:145][  0]LogTemp: Display: Loaded TP Android_ASTCTargetPlatform
[2018.04.24-13.41.57:156][  0]LogTemp: Display: Loaded TP Android_ATCTargetPlatform
[2018.04.24-13.41.57:167][  0]LogTemp: Display: Loaded TP Android_DXTTargetPlatform
[2018.04.24-13.41.57:177][  0]LogTemp: Display: Loaded TP Android_ETC1aTargetPlatform
[2018.04.24-13.41.57:187][  0]LogTemp: Display: Loaded TP Android_ETC1TargetPlatform
[2018.04.24-13.41.57:197][  0]LogTemp: Display: Loaded TP Android_ETC2TargetPlatform
[2018.04.24-13.41.57:216][  0]LogTemp: Display: Loaded TP Android_MultiTargetPlatform
[2018.04.24-13.41.57:216][  0]LogTemp: Display: Loaded TP Android_PVRTCTargetPlatform
[2018.04.24-13.41.57:229][  0]LogTemp: Display: Loaded TP AndroidTargetPlatform
[2018.04.24-13.41.57:230][  0]LogTemp: Display: Loaded TP HTML5TargetPlatform
[2018.04.24-13.41.57:263][  0]LogTemp: Display: Loaded TP IOSTargetPlatform
[2018.04.24-13.41.57:273][  0]LogTemp: Display: Loaded TP TVOSTargetPlatform
[2018.04.24-13.41.57:284][  0]LogTemp: Display: Loaded TP LinuxClientTargetPlatform
[2018.04.24-13.41.57:295][  0]LogTemp: Display: Loaded TP LinuxNoEditorTargetPlatform
[2018.04.24-13.41.57:304][  0]LogTemp: Display: Loaded TP LinuxServerTargetPlatform
[2018.04.24-13.41.57:315][  0]LogTemp: Display: Loaded TP LinuxTargetPlatform
[2018.04.24-13.41.57:315][  0]LogTargetPlatformManager: Display: Building Assets For Windows
[2018.04.24-13.41.57:384][  0]LogXGEController: Cannot use XGE Controller as Incredibuild is not installed on this machine.
[2018.04.24-13.41.57:384][  0]LogShaderCompilers: Cannot use XGE Shader Compiler as Incredibuild is not installed on this machine.
[2018.04.24-13.41.57:384][  0]LogShaderCompilers: Display: Using Local Shader Compiler.
[2018.04.24-13.41.57:972][  0]LogDerivedDataCache: Display: Max Cache Size: 512 MB
[2018.04.24-13.41.58:027][  0]LogDerivedDataCache: Loaded boot cache 0.06s 74MB C:/Users/faculty/AppData/Local/UnrealEngine/4.19/DerivedDataCache/Boot.ddc.
[2018.04.24-13.41.58:027][  0]LogDerivedDataCache: Display: Loaded Boot cache: C:/Users/faculty/AppData/Local/UnrealEngine/4.19/DerivedDataCache/Boot.ddc
[2018.04.24-13.41.58:028][  0]LogDerivedDataCache: FDerivedDataBackendGraph:  Pak pak cache file C:/Users/faculty/Documents/vr-3d-sketching/vr-3d-sketching/UnrealSketching 4.19/DerivedDataCache/DDC.ddp not found, will not use a pak cache.
[2018.04.24-13.41.58:028][  0]LogDerivedDataCache: Unable to find inner node Pak for hierarchical cache Hierarchy.
[2018.04.24-13.41.58:028][  0]LogDerivedDataCache: FDerivedDataBackendGraph:  CompressedPak pak cache file C:/Users/faculty/Documents/vr-3d-sketching/vr-3d-sketching/UnrealSketching 4.19/DerivedDataCache/Compressed.ddp not found, will not use a pak cache.
[2018.04.24-13.41.58:028][  0]LogDerivedDataCache: Unable to find inner node CompressedPak for hierarchical cache Hierarchy.
[2018.04.24-13.41.58:041][  0]LogDerivedDataCache: Display: Pak cache opened for reading ../../../Engine/DerivedDataCache/Compressed.ddp.
[2018.04.24-13.41.58:053][  0]LogDerivedDataCache: Using Local data cache path C:/Users/faculty/AppData/Local/UnrealEngine/Common/DerivedDataCache: Writable
[2018.04.24-13.41.58:063][  0]LogMaterial: Verifying Global Shaders for PCD3D_SM5
[2018.04.24-13.41.58:063][  0]LogSlate: Using Freetype 2.6.0
[2018.04.24-13.41.58:063][  0]LogSlate: SlateFontCache - WITH_FREETYPE: 1, WITH_HARFBUZZ: 1
[2018.04.24-13.41.58:064][  0]LogSlate: SlateFontCache - WITH_FREETYPE: 1, WITH_HARFBUZZ: 1
[2018.04.24-13.41.58:157][  0]LogAssetRegistry: FAssetRegistry took 0.0257 seconds to start up
[2018.04.24-13.41.58:426][  0]LogInit: Selected Device Profile: [Windows]
[2018.04.24-13.41.58:542][  0]LogSimplygon: Simplygon DLL not present - disabling.
[2018.04.24-13.41.58:544][  0]LogMeshReduction: Using SimplygonSwarm for distributed automatic mesh merging
[2018.04.24-13.41.58:544][  0]LogMeshReduction: Using QuadricMeshReduction for automatic static mesh reduction
[2018.04.24-13.41.58:544][  0]LogMeshReduction: No automatic skeletal mesh reduction module available
[2018.04.24-13.41.58:544][  0]LogMeshReduction: No automatic mesh merging module available
[2018.04.24-13.41.58:544][  0]LogMeshMerging: No automatic mesh merging module available
[2018.04.24-13.41.58:564][  0]LogNetVersion: UnrealSketching , NetCL: 3944462, EngineNetVer: 2, GameNetVer: 0 (Checksum: 606253289)
[2018.04.24-13.41.58:947][  0]LogPackageLocalizationCache: Processed 10 localized package path(s) for 2 prioritized culture(s) in 0.091573 seconds
[2018.04.24-13.41.58:952][  0]LogUObjectArray: 37413 objects as part of root set at end of initial load.
[2018.04.24-13.41.58:952][  0]LogUObjectAllocator: 7430992 out of 0 bytes used by permanent object pool.
[2018.04.24-13.41.58:952][  0]LogUObjectArray: CloseDisregardForGC: 0/0 objects in disregard for GC pool
[2018.04.24-13.42.00:232][  0]LogTcpMessaging: Initializing TcpMessaging bridge
[2018.04.24-13.42.00:255][  0]LogUdpMessaging: Initializing bridge on interface 0.0.0.0:0 to multicast group 230.0.0.1:6666.
[2018.04.24-13.42.00:411][  0]LogOSC: Display: Update settings
[2018.04.24-13.42.00:411][  0]LogOSC: Display: Send targets cleared
[2018.04.24-13.42.00:411][  0]LogOSC: Display: Send target added: 127.0.0.1:8000
[2018.04.24-13.42.00:411][  0]LogOSC: Display: Startup succeed
[2018.04.24-13.42.00:504][  0]SourceControl: Source control is disabled
[2018.04.24-13.42.00:504][  0]SourceControl: Source control is disabled
[2018.04.24-13.42.00:515][  0]SourceControl: Source control is disabled
[2018.04.24-13.42.00:526][  0]SourceControl: Source control is disabled
[2018.04.24-13.42.00:844][  0]LogAndroidPermission: UAndroidPermissionCallbackProxy::GetInstance
[2018.04.24-13.42.00:943][  0]LogOcInput: OculusInput pre-init called
[2018.04.24-13.42.01:016][  0]LogEngine: Initializing Engine...
[2018.04.24-13.42.01:017][  0]LogHMD: Oculus plugin initialized. Version: 4.19.1-3989454+++UE4+Release-4.19, OVRPlugin: 1.21.0
[2018.04.24-13.42.01:018][  0]LogStats: UGameplayTagsManager::ConstructGameplayTagTree: Construct from data asset -  0.000 s
[2018.04.24-13.42.01:018][  0]LogStats: UGameplayTagsManager::ConstructGameplayTagTree: GameplayTagTreeChangedEvent.Broadcast -  0.000 s
[2018.04.24-13.42.01:202][  0]LogAIModule: Creating AISystem for world Untitled
[2018.04.24-13.42.01:215][  0]LogInit: XAudio2 using 'DELL U2415 (NVIDIA High Definition Audio)' : 2 channels at 48 kHz using 16 bits per sample (channel mask 0x3)
[2018.04.24-13.42.01:224][  0]LogInit: FAudioDevice initialized.
[2018.04.24-13.42.01:294][  0]LogDerivedDataCache: Saved boot cache 0.07s 74MB C:/Users/faculty/AppData/Local/UnrealEngine/4.19/DerivedDataCache/Boot.ddc.
[2018.04.24-13.42.01:302][  0]LogInit: Texture streaming: Enabled
[2018.04.24-13.42.01:313][  0]LogEngineSessionManager: EngineSessionManager initialized
[2018.04.24-13.42.01:322][  0]LogInit: Transaction tracking system initialized
[2018.04.24-13.42.01:334][  0]BlueprintLog: New page: Editor Load
[2018.04.24-13.42.01:379][  0]LocalizationService: Localization service is disabled
[2018.04.24-13.42.01:444][  0]LogConsoleResponse: Display: 
[2018.04.24-13.42.01:574][  0]LogCook: Display: Max memory allowance for cook 16384mb min free memory 0mb
[2018.04.24-13.42.01:574][  0]LogCook: Display: Mobile HDR setting 1
[2018.04.24-13.42.01:574][  0]LogGameplayTags: Display: UGameplayTagsManager::DoneAddingNativeTags. DelegateIsBound: 0
[2018.04.24-13.42.01:574][  0]LogStats: UGameplayTagsManager::ConstructGameplayTagTree: Construct from data asset -  0.000 s
[2018.04.24-13.42.01:574][  0]LogStats: UGameplayTagsManager::ConstructGameplayTagTree: GameplayTagTreeChangedEvent.Broadcast -  0.000 s
[2018.04.24-13.42.01:791][  0]LogFileCache: Scanning file cache for directory 'C:/Users/faculty/Documents/vr-3d-sketching/vr-3d-sketching/UnrealSketching 4.19/Content/' took 0.02s
[2018.04.24-13.42.01:791][  0]SourceControl: Source control is disabled
[2018.04.24-13.42.01:791][  0]Cmd: MAP LOAD FILE="C:/Users/faculty/Documents/vr-3d-sketching/vr-3d-sketching/UnrealSketching 4.19/Content/StarterContent/Maps/Minimal_Default.umap" TEMPLATE=0 SHOWPROGRESS=1 FEATURELEVEL=3
[2018.04.24-13.42.01:797][  0]LightingResults: New page: Lighting Build
[2018.04.24-13.42.01:799][  0]MapCheck: New page: Map Check
[2018.04.24-13.42.01:799][  0]LightingResults: New page: Lighting Build
[2018.04.24-13.42.02:359][  0]LogAIModule: Creating AISystem for world Minimal_Default
[2018.04.24-13.42.02:367][  0]LogEditorServer: Finished looking for orphan Actors (0.000 secs)
[2018.04.24-13.42.02:381][  0]Cmd: MAP CHECKDEP NOCLEARLOG
[2018.04.24-13.42.02:415][  0]MapCheck: Map check complete: 0 Error(s), 0 Warning(s), took 34.029ms to complete.
[2018.04.24-13.42.02:415][  0]LogFileHelpers: Loading map 'Minimal_Default' took 0.624
[2018.04.24-13.42.02:598][  0]LogCollectionManager: Loaded 0 collections in 0.000728 seconds
[2018.04.24-13.42.02:639][  0]LogFileCache: Scanning file cache for directory 'C:/Users/faculty/Documents/vr-3d-sketching/vr-3d-sketching/UnrealSketching 4.19/Saved/Collections/' took 0.01s
[2018.04.24-13.42.02:639][  0]LogFileCache: Scanning file cache for directory 'C:/Users/faculty/Documents/vr-3d-sketching/vr-3d-sketching/UnrealSketching 4.19/Content/Developers/faculty/Collections/' took 0.01s
[2018.04.24-13.42.02:639][  0]LogFileCache: Scanning file cache for directory 'C:/Users/faculty/Documents/vr-3d-sketching/vr-3d-sketching/UnrealSketching 4.19/Content/Collections/' took 0.01s
[2018.04.24-13.42.02:640][  0]LogCollectionManager: Rebuilt the GUID cache for 0 collections in 0.000000 seconds
[2018.04.24-13.42.02:647][  0]LogContentBrowser: Native class hierarchy populated in 0.0077 seconds. Added 2485 classes and 571 folders.
[2018.04.24-13.42.02:652][  0]LogContentBrowser: Native class hierarchy updated for 'WidgetCarousel' in 0.0004 seconds. Added 0 classes and 0 folders.
[2018.04.24-13.42.03:076][  0]LogContentBrowser: Native class hierarchy updated for 'AddContentDialog' in 0.0004 seconds. Added 0 classes and 0 folders.
[2018.04.24-13.42.03:115][  0]LogContentBrowser: Native class hierarchy updated for 'SceneOutliner' in 0.0005 seconds. Added 1 classes and 2 folders.
[2018.04.24-13.42.03:181][  0]LogSlate: Took 0.000196 seconds to synchronously load lazily loaded font '../../../Engine/Content/Slate/Fonts/Roboto-Regular.ttf' (155K)
[2018.04.24-13.42.03:183][  0]LogSlate: Took 0.000168 seconds to synchronously load lazily loaded font '../../../Engine/Content/Slate/Fonts/Roboto-Bold.ttf' (160K)
[2018.04.24-13.42.03:194][  0]LogSlate: Took 0.006335 seconds to synchronously load lazily loaded font '../../../Engine/Content/Editor/Slate/Fonts/FontAwesome.ttf' (139K)
[2018.04.24-13.42.03:312][  0]LogRenderer: Reallocating scene render targets to support 1208x652 Format 10 NumSamples 1 (Frame:1).
[2018.04.24-13.42.03:452][  0]LogContentBrowser: Native class hierarchy updated for 'HierarchicalLODOutliner' in 0.0005 seconds. Added 0 classes and 0 folders.
[2018.04.24-13.42.03:452][  0]LogLoad: (Engine Initialization) Total time: 9.54 seconds
[2018.04.24-13.42.03:452][  0]LogLoad: (Engine Initialization) Total Blueprint compile time: 0.00 seconds
[2018.04.24-13.42.03:792][  0]LogOcInput: OculusInput is initialized
[2018.04.24-13.42.03:811][  0]LogContentStreaming: Texture pool size now 1000 MB
[2018.04.24-13.42.03:887][  0]LogSlate: Took 0.005897 seconds to synchronously load lazily loaded font '../../../Engine/Content/Slate/Fonts/Roboto-Light.ttf' (167K)
[2018.04.24-13.42.04:146][  1]LogAssetRegistry: Asset discovery search completed in 6.0112 seconds
[2018.04.24-13.42.04:148][  1]LogCollectionManager: Rebuilt the object cache for 0 collections in 0.000001 seconds (found 0 objects)
[2018.04.24-13.42.04:148][  1]LogCollectionManager: Fixed up redirectors for 0 collections in 0.000055 seconds (updated 0 objects)
[2018.04.24-13.42.16:266][162]LogSlate: FSceneViewport::OnFocusLost() reason 0
[2018.04.24-13.42.19:427][536]LogSlate: Took 0.000212 seconds to synchronously load lazily loaded font '../../../Engine/Content/Slate/Fonts/Roboto-Light.ttf' (167K)
[2018.04.24-13.42.20:976][536]LogBlueprint: Warning: [Compiler PostProcessChanger] Override pins have been removed from  Break PostProcessSettings  in  PostProcessChanger , please verify the Blueprint works as expected! See tooltips for enabling pin visibility for more details. This warning will go away after you resave the asset!
[2018.04.24-13.42.21:001][536]LogBlueprint: Warning: [Compiler PostProcessChanger] [0027.09] Compile of PostProcessChanger successful, but with 1 Warning(s) [in 127 ms] (/LeapMotion/Blueprints/Utility/PostProcessChanger.PostProcessChanger)
[2018.04.24-13.42.21:493][536]LogBlueprint: Warning: [Compiler LeapFloatingHandsCharacter] InputAction Event references unknown Action 'ChangeImageHandTint' for  InputAction ChangeImageHandTint
[2018.04.24-13.42.21:493][536]LogBlueprint: Warning: [Compiler LeapFloatingHandsCharacter] Input Axis Event references unknown Axis 'MoveForward' for  InputAxis MoveForward
[2018.04.24-13.42.21:493][536]LogBlueprint: Warning: [Compiler LeapFloatingHandsCharacter] InputAction Event references unknown Action 'ChangeHands' for  InputAction ChangeHands
[2018.04.24-13.42.21:493][536]LogBlueprint: Warning: [Compiler LeapFloatingHandsCharacter] InputAction Event references unknown Action 'ResetHMDOrientation' for  InputAction ResetHMDOrientation
[2018.04.24-13.42.21:493][536]LogBlueprint: Warning: [Compiler LeapFloatingHandsCharacter] InputAction Event references unknown Action 'ComfortTurnRight' for  InputAction ComfortTurnRight
[2018.04.24-13.42.21:493][536]LogBlueprint: Warning: [Compiler LeapFloatingHandsCharacter] InputAction Event references unknown Action 'ComfortTurnLeft' for  InputAction ComfortTurnLeft
[2018.04.24-13.42.21:494][536]LogBlueprint: Warning: [Compiler LeapFloatingHandsCharacter] InputAction Event references unknown Action 'Jump' for  InputAction Jump
[2018.04.24-13.42.21:494][536]LogBlueprint: Warning: [Compiler LeapFloatingHandsCharacter] Input Axis Event references unknown Axis 'LookUpRate' for  InputAxis LookUpRate
[2018.04.24-13.42.21:494][536]LogBlueprint: Warning: [Compiler LeapFloatingHandsCharacter] Input Axis Event references unknown Axis 'TurnRate' for  InputAxis TurnRate
[2018.04.24-13.42.21:494][536]LogBlueprint: Warning: [Compiler LeapFloatingHandsCharacter] Input Axis Event references unknown Axis 'Turn' for  InputAxis Turn
[2018.04.24-13.42.21:494][536]LogBlueprint: Warning: [Compiler LeapFloatingHandsCharacter] Input Axis Event references unknown Axis 'LookUp' for  InputAxis LookUp
[2018.04.24-13.42.21:495][536]LogBlueprint: Warning: [Compiler LeapFloatingHandsCharacter] Input Axis Event references unknown Axis 'MoveRight' for  InputAxis MoveRight
[2018.04.24-13.42.21:503][536]LogBlueprint: Warning: [Compiler LeapFloatingHandsCharacter] [0027.59] Compile of LeapFloatingHandsCharacter successful, but with 12 Warning(s) [in 19 ms] (/LeapMotion/Blueprints/Rigging/LeapFloatingHandsCharacter.LeapFloatingHandsCharacter)
[2018.04.24-13.42.21:712][536]LogSkeletalMesh: Skeletal Mesh found in DDC [5.212997ms] /LeapMotion/Character/Echo/echo_lo_L.echo_lo_L
[2018.04.24-13.42.21:723][536]LogSkeletalMesh: Skeletal Mesh found in DDC [9.225707ms] /LeapMotion/Character/Echo/echo_lo_R.echo_lo_R
[2018.04.24-13.42.22:347][536]LogAIModule: Creating AISystem for world iPadOSC_Level
[2018.04.24-13.42.22:396][536]Cmd: MAP LOAD FILE="C:/Users/faculty/Documents/vr-3d-sketching/vr-3d-sketching/UnrealSketching 4.19/Content/iPadOSC_Level.umap" TEMPLATE=0 SHOWPROGRESS=1 FEATURELEVEL=3
[2018.04.24-13.42.22:396][536]LightingResults: New page: Lighting Build
[2018.04.24-13.42.22:397][536]LoadErrors: New page: Loading map: iPadOSC_Level.umap
[2018.04.24-13.42.22:397][536]MapCheck: New page: Map Check
[2018.04.24-13.42.22:397][536]LightingResults: New page: Lighting Build
[2018.04.24-13.42.22:500][536]LogEditorServer: Finished looking for orphan Actors (0.000 secs)
[2018.04.24-13.42.22:531][536]Cmd: MAP CHECKDEP NOCLEARLOG
[2018.04.24-13.42.22:569][536]MapCheck: Map check complete: 0 Error(s), 0 Warning(s), took 37.873ms to complete.
[2018.04.24-13.42.22:570][536]LogFileHelpers: Loading map 'iPadOSC_Level' took 0.175
[2018.04.24-13.42.26:798][ 35]LogOSC: Display: Stop listening
[2018.04.24-13.42.26:809][ 35]LogOSC: Display: Listen to port 8000
[2018.04.24-13.42.26:809][ 35]LogPlayLevel: PlayLevel: No blueprints needed recompiling
[2018.04.24-13.42.26:809][ 35]LogHMD: Initializing OVRPlugin session
[2018.04.24-13.42.26:858][ 35]PIE: New page: PIE session: iPadOSC_Level (24 Apr 2018 17:42:26)
[2018.04.24-13.42.26:858][ 35]LogPlayLevel: Creating play world package: /Game/UEDPIE_0_iPadOSC_Level
[2018.04.24-13.42.26:859][ 35]LogPlayLevel: PIE: StaticDuplicateObject took: (0.001157s)
[2018.04.24-13.42.26:860][ 35]LogAIModule: Creating AISystem for world iPadOSC_Level
[2018.04.24-13.42.26:860][ 35]LogPlayLevel: PIE: World Init took: (0.000574s)
[2018.04.24-13.42.26:860][ 35]LogPlayLevel: PIE: Created PIE world by copying editor world from /Game/iPadOSC_Level.iPadOSC_Level to /Game/UEDPIE_0_iPadOSC_Level.iPadOSC_Level (0.001842s)
[2018.04.24-13.42.26:874][ 35]LogInit: XAudio2 using 'Headphones (Rift Audio)' : 2 channels at 48 kHz using 16 bits per sample (channel mask 0x3)
[2018.04.24-13.42.26:881][ 35]LogInit: FAudioDevice initialized.
[2018.04.24-13.42.26:966][ 35]LogHMD: Allocating Oculus 2720 x 1600 rendertarget swapchain
[2018.04.24-13.42.27:002][ 35]LogLoad: Game class is 'LM_C'
[2018.04.24-13.42.27:004][ 35]LogWorld: Bringing World /Game/UEDPIE_0_iPadOSC_Level.iPadOSC_Level up for play (max tick rate 0) at 2018.04.24-15.42.27
[2018.04.24-13.42.27:004][ 35]LogWorld: Bringing up level for play took: 0.000859
[2018.04.24-13.42.27:007][ 35]LogContentBrowser: Native class hierarchy updated for 'MovieSceneCapture' in 0.0004 seconds. Added 11 classes and 0 folders.
[2018.04.24-13.42.27:008][ 35]LeapPluginLog: InterfaceObject: LeapAnimBodyConnector_C_0
[2018.04.24-13.42.27:011][ 35]LogBlueprintUserMessages: [OSC_VP_25] Listening for OSC
[2018.04.24-13.42.27:011][ 35]Cmd: stereo reset
[2018.04.24-13.42.27:011][ 35]Command not recognized: stereo reset
[2018.04.24-13.42.27:015][ 35]PIE: Play in editor start time for /Game/UEDPIE_0_iPadOSC_Level -0.049
[2018.04.24-13.42.27:016][ 35]LogEngine: Changing dynamic resolution state.
[2018.04.24-13.42.27:018][ 35]LogRenderer: Releasing previous depth to switch default clear from depth: 0.000000 stencil: 0 to depth: 0.000000 stencil: 0
[2018.04.24-13.42.27:023][ 35]LogRenderer: Reallocating scene render targets to support 2720x1600 Format 10 NumSamples 1 (Frame:1).
[2018.04.24-13.42.27:023][ 35]LogHMD: Allocating Oculus 2720 x 1600 depth rendertarget swapchain
[2018.04.24-13.43.02:855][258]LogScriptCore: Warning: Script Msg: Divide by zero detected: 24.999990 / 0
Script call stack:
	Function /LeapMotion/Character/Echo/LeapEchoHands_AnimBlueprint.LeapEchoHands_AnimBlueprint_C:BlueprintUpdateAnimation
	Function /LeapMotion/Character/Echo/LeapEchoHands_AnimBlueprint.LeapEchoHands_AnimBlueprint_C:ExecuteUbergraph_LeapEchoHands_AnimBlueprint
	Function /LeapMotion/Character/Echo/LeapEchoHands_AnimBlueprint.LeapEchoHands_AnimBlueprint_C:Set Scaling If Enabled

[2018.04.24-13.43.02:855][258]LogScriptCore: Warning: Script Msg: Divide by zero detected: 24.999990 / 0
Script call stack:
	Function /LeapMotion/Character/Echo/LeapEchoHands_AnimBlueprint.LeapEchoHands_AnimBlueprint_C:BlueprintUpdateAnimation
	Function /LeapMotion/Character/Echo/LeapEchoHands_AnimBlueprint.LeapEchoHands_AnimBlueprint_C:ExecuteUbergraph_LeapEchoHands_AnimBlueprint
	Function /LeapMotion/Character/Echo/LeapEchoHands_AnimBlueprint.LeapEchoHands_AnimBlueprint_C:Set Scaling If Enabled

[2018.04.24-13.44.33:931][119]LogOSC: Display: Stop listening
[2018.04.24-13.44.34:033][119]LogSlate: Window 'UnrealSketching Game Preview Standalone (64-bit/PCD3D_SM5)' being destroyed
[2018.04.24-13.44.34:119][120]LogEngine: Changing dynamic resolution state.
[2018.04.24-13.44.35:645][300]LogEditorViewport: Clicking on Actor (LMB): StaticMeshActor (Screen)
[2018.04.24-13.44.37:092][434]LogSlate: FSceneViewport::OnFocusLost() reason 0
[2018.04.24-13.44.40:850][879]LogSlate: FSceneViewport::OnFocusLost() reason 0
[2018.04.24-13.44.40:925][888]LogTemp: Repeating last play command: VR Preview
[2018.04.24-13.44.40:937][888]LogOSC: Display: Stop listening
[2018.04.24-13.44.40:948][888]LogOSC: Display: Listen to port 8000
[2018.04.24-13.44.40:948][888]LogPlayLevel: PlayLevel: No blueprints needed recompiling
[2018.04.24-13.44.40:948][888]LogHMD: Initializing OVRPlugin session
[2018.04.24-13.44.40:990][888]PIE: New page: PIE session: iPadOSC_Level (24 Apr 2018 17:44:40)
[2018.04.24-13.44.40:990][888]LogPlayLevel: Creating play world package: /Game/UEDPIE_0_iPadOSC_Level
[2018.04.24-13.44.40:991][888]LogPlayLevel: PIE: StaticDuplicateObject took: (0.001226s)
[2018.04.24-13.44.40:992][888]LogAIModule: Creating AISystem for world iPadOSC_Level
[2018.04.24-13.44.40:992][888]LogPlayLevel: PIE: World Init took: (0.000676s)
[2018.04.24-13.44.40:992][888]LogPlayLevel: PIE: Created PIE world by copying editor world from /Game/iPadOSC_Level.iPadOSC_Level to /Game/UEDPIE_0_iPadOSC_Level.iPadOSC_Level (0.002017s)
[2018.04.24-13.44.41:007][888]LogInit: XAudio2 using 'Headphones (Rift Audio)' : 2 channels at 48 kHz using 16 bits per sample (channel mask 0x3)
[2018.04.24-13.44.41:013][888]LogInit: FAudioDevice initialized.
[2018.04.24-13.44.41:044][888]LogStats: Warning: MetaData mismatch. Did you assign a stat to two groups? New //STATGROUP_Threads//OSCListener///Thread_2170_0///####STATCAT_Advanced#### old //STATGROUP_Threads//OSCListener///Thread_f64_0///####STATCAT_Advanced####
[2018.04.24-13.44.41:099][888]LogHMD: Allocating Oculus 2720 x 1600 rendertarget swapchain
[2018.04.24-13.44.41:126][888]LogLoad: Game class is 'LM_C'
[2018.04.24-13.44.41:127][888]LogWorld: Bringing World /Game/UEDPIE_0_iPadOSC_Level.iPadOSC_Level up for play (max tick rate 0) at 2018.04.24-15.44.41
[2018.04.24-13.44.41:127][888]LogWorld: Bringing up level for play took: 0.000913
[2018.04.24-13.44.41:129][888]LeapPluginLog: InterfaceObject: LeapAnimBodyConnector_C_0
[2018.04.24-13.44.41:131][888]LogBlueprintUserMessages: [OSC_VP_25] Listening for OSC
[2018.04.24-13.44.41:131][888]Cmd: stereo reset
[2018.04.24-13.44.41:131][888]Command not recognized: stereo reset
[2018.04.24-13.44.41:136][888]PIE: Play in editor start time for /Game/UEDPIE_0_iPadOSC_Level 0.072
[2018.04.24-13.44.41:136][888]LogEngine: Changing dynamic resolution state.
[2018.04.24-13.44.41:138][888]LogRenderer: Releasing previous depth to switch default clear from depth: 0.000000 stencil: 0 to depth: 0.000000 stencil: 0
[2018.04.24-13.44.41:138][888]LogHMD: Allocating Oculus 2720 x 1600 depth rendertarget swapchain
[2018.04.24-13.44.44:248][168]LogScriptCore: Warning: Script Msg: Divide by zero detected: 24.953478 / 0
Script call stack:
	Function /LeapMotion/Character/Echo/LeapEchoHands_AnimBlueprint.LeapEchoHands_AnimBlueprint_C:BlueprintUpdateAnimation
	Function /LeapMotion/Character/Echo/LeapEchoHands_AnimBlueprint.LeapEchoHands_AnimBlueprint_C:ExecuteUbergraph_LeapEchoHands_AnimBlueprint
	Function /LeapMotion/Character/Echo/LeapEchoHands_AnimBlueprint.LeapEchoHands_AnimBlueprint_C:Set Scaling If Enabled

[2018.04.24-13.44.44:248][168]LogScriptCore: Warning: Script Msg: Divide by zero detected: 24.953478 / 0
Script call stack:
	Function /LeapMotion/Character/Echo/LeapEchoHands_AnimBlueprint.LeapEchoHands_AnimBlueprint_C:BlueprintUpdateAnimation
	Function /LeapMotion/Character/Echo/LeapEchoHands_AnimBlueprint.LeapEchoHands_AnimBlueprint_C:ExecuteUbergraph_LeapEchoHands_AnimBlueprint
	Function /LeapMotion/Character/Echo/LeapEchoHands_AnimBlueprint.LeapEchoHands_AnimBlueprint_C:Set Scaling If Enabled

[2018.04.24-13.45.03:532][897]LogOSC: Display: Stop listening
[2018.04.24-13.45.03:636][897]LogSlate: Window 'UnrealSketching Game Preview Standalone (64-bit/PCD3D_SM5)' being destroyed
[2018.04.24-13.45.03:722][898]LogEngine: Changing dynamic resolution state.
[2018.04.24-13.45.15:944][350]LogNavigationPoint: PostEditMove Clear paths rebuilt
[2018.04.24-13.45.18:427][640]LogSlate: FSceneViewport::OnFocusLost() reason 0
[2018.04.24-13.45.18:468][645]LogTemp: Repeating last play command: VR Preview
[2018.04.24-13.45.18:482][645]LogOSC: Display: Stop listening
[2018.04.24-13.45.18:493][645]LogOSC: Display: Listen to port 8000
[2018.04.24-13.45.18:493][645]LogPlayLevel: PlayLevel: No blueprints needed recompiling
[2018.04.24-13.45.18:493][645]LogHMD: Initializing OVRPlugin session
[2018.04.24-13.45.18:543][645]PIE: New page: PIE session: iPadOSC_Level (24 Apr 2018 17:45:18)
[2018.04.24-13.45.18:543][645]LogPlayLevel: Creating play world package: /Game/UEDPIE_0_iPadOSC_Level
[2018.04.24-13.45.18:544][645]LogPlayLevel: PIE: StaticDuplicateObject took: (0.001368s)
[2018.04.24-13.45.18:545][645]LogAIModule: Creating AISystem for world iPadOSC_Level
[2018.04.24-13.45.18:545][645]LogPlayLevel: PIE: World Init took: (0.000563s)
[2018.04.24-13.45.18:545][645]LogPlayLevel: PIE: Created PIE world by copying editor world from /Game/iPadOSC_Level.iPadOSC_Level to /Game/UEDPIE_0_iPadOSC_Level.iPadOSC_Level (0.002045s)
[2018.04.24-13.45.18:564][645]LogInit: XAudio2 using 'Headphones (Rift Audio)' : 2 channels at 48 kHz using 16 bits per sample (channel mask 0x3)
[2018.04.24-13.45.18:571][645]LogInit: FAudioDevice initialized.
[2018.04.24-13.45.18:604][645]LogStats: Warning: MetaData mismatch. Did you assign a stat to two groups? New //STATGROUP_Threads//OSCListener///Thread_17fc_0///####STATCAT_Advanced#### old //STATGROUP_Threads//OSCListener///Thread_f64_0///####STATCAT_Advanced####
[2018.04.24-13.45.18:654][645]LogHMD: Allocating Oculus 2720 x 1600 rendertarget swapchain
[2018.04.24-13.45.18:681][645]LogLoad: Game class is 'LM_C'
[2018.04.24-13.45.18:682][645]LogWorld: Bringing World /Game/UEDPIE_0_iPadOSC_Level.iPadOSC_Level up for play (max tick rate 0) at 2018.04.24-15.45.18
[2018.04.24-13.45.18:682][645]LogWorld: Bringing up level for play took: 0.000768
[2018.04.24-13.45.18:684][645]LeapPluginLog: InterfaceObject: LeapAnimBodyConnector_C_0
[2018.04.24-13.45.18:686][645]LogBlueprintUserMessages: [OSC_VP_25] Listening for OSC
[2018.04.24-13.45.18:686][645]Cmd: stereo reset
[2018.04.24-13.45.18:686][645]Command not recognized: stereo reset
[2018.04.24-13.45.18:693][645]PIE: Play in editor start time for /Game/UEDPIE_0_iPadOSC_Level -0.371
[2018.04.24-13.45.18:694][645]LogEngine: Changing dynamic resolution state.
[2018.04.24-13.45.18:695][645]LogRenderer: Releasing previous depth to switch default clear from depth: 0.000000 stencil: 0 to depth: 0.000000 stencil: 0
[2018.04.24-13.45.18:695][645]LogHMD: Allocating Oculus 2720 x 1600 depth rendertarget swapchain
[2018.04.24-13.45.20:004][763]LogScriptCore: Warning: Script Msg: Divide by zero detected: 23.523071 / 0
Script call stack:
	Function /LeapMotion/Character/Echo/LeapEchoHands_AnimBlueprint.LeapEchoHands_AnimBlueprint_C:BlueprintUpdateAnimation
	Function /LeapMotion/Character/Echo/LeapEchoHands_AnimBlueprint.LeapEchoHands_AnimBlueprint_C:ExecuteUbergraph_LeapEchoHands_AnimBlueprint
	Function /LeapMotion/Character/Echo/LeapEchoHands_AnimBlueprint.LeapEchoHands_AnimBlueprint_C:Set Scaling If Enabled

[2018.04.24-13.45.20:004][763]LogScriptCore: Warning: Script Msg: Divide by zero detected: 23.523071 / 0
Script call stack:
	Function /LeapMotion/Character/Echo/LeapEchoHands_AnimBlueprint.LeapEchoHands_AnimBlueprint_C:BlueprintUpdateAnimation
	Function /LeapMotion/Character/Echo/LeapEchoHands_AnimBlueprint.LeapEchoHands_AnimBlueprint_C:ExecuteUbergraph_LeapEchoHands_AnimBlueprint
	Function /LeapMotion/Character/Echo/LeapEchoHands_AnimBlueprint.LeapEchoHands_AnimBlueprint_C:Set Scaling If Enabled

[2018.04.24-13.46.01:924][529]LogOSC: Display: Stop listening
[2018.04.24-13.46.02:046][529]LogSlate: Window 'UnrealSketching Game Preview Standalone (64-bit/PCD3D_SM5)' being destroyed
[2018.04.24-13.46.02:127][530]LogEngine: Changing dynamic resolution state.
[2018.04.24-13.46.04:721][840]LogEditorViewport: Clicking on Actor (LMB): StaticMeshActor (Screen)
[2018.04.24-13.46.08:826][324]LogSlate: FSceneViewport::OnFocusLost() reason 0
[2018.04.24-13.46.12:631][771]LogSlate: FSceneViewport::OnFocusLost() reason 2
[2018.04.24-13.46.13:661][893]LogOSC: Display: Stop listening
[2018.04.24-13.46.13:672][893]LogOSC: Display: Listen to port 8000
[2018.04.24-13.46.13:672][893]LogPlayLevel: PlayLevel: No blueprints needed recompiling
[2018.04.24-13.46.13:672][893]LogHMD: Initializing OVRPlugin session
[2018.04.24-13.46.13:734][893]PIE: New page: PIE session: iPadOSC_Level (24 Apr 2018 17:46:13)
[2018.04.24-13.46.13:734][893]LogPlayLevel: Creating play world package: /Game/UEDPIE_0_iPadOSC_Level
[2018.04.24-13.46.13:736][893]LogPlayLevel: PIE: StaticDuplicateObject took: (0.001514s)
[2018.04.24-13.46.13:736][893]LogAIModule: Creating AISystem for world iPadOSC_Level
[2018.04.24-13.46.13:737][893]LogPlayLevel: PIE: World Init took: (0.000598s)
[2018.04.24-13.46.13:737][893]LogPlayLevel: PIE: Created PIE world by copying editor world from /Game/iPadOSC_Level.iPadOSC_Level to /Game/UEDPIE_0_iPadOSC_Level.iPadOSC_Level (0.002237s)
[2018.04.24-13.46.13:754][893]LogInit: XAudio2 using 'Headphones (Rift Audio)' : 2 channels at 48 kHz using 16 bits per sample (channel mask 0x3)
[2018.04.24-13.46.13:760][893]LogInit: FAudioDevice initialized.
[2018.04.24-13.46.13:764][893]LogSlate: FSceneViewport::OnFocusLost() reason 2
[2018.04.24-13.46.13:787][893]LogStats: Warning: MetaData mismatch. Did you assign a stat to two groups? New //STATGROUP_Threads//OSCListener///Thread_1cc8_0///####STATCAT_Advanced#### old //STATGROUP_Threads//OSCListener///Thread_f64_0///####STATCAT_Advanced####
[2018.04.24-13.46.13:843][893]LogHMD: Allocating Oculus 2720 x 1600 rendertarget swapchain
[2018.04.24-13.46.13:869][893]LogLoad: Game class is 'LM_C'
[2018.04.24-13.46.13:871][893]LogWorld: Bringing World /Game/UEDPIE_0_iPadOSC_Level.iPadOSC_Level up for play (max tick rate 0) at 2018.04.24-15.46.13
[2018.04.24-13.46.13:871][893]LogWorld: Bringing up level for play took: 0.000679
[2018.04.24-13.46.13:872][893]LeapPluginLog: InterfaceObject: LeapAnimBodyConnector_C_0
[2018.04.24-13.46.13:874][893]LogBlueprintUserMessages: [OSC_VP_25] Listening for OSC
[2018.04.24-13.46.13:875][893]Cmd: stereo reset
[2018.04.24-13.46.13:875][893]Command not recognized: stereo reset
[2018.04.24-13.46.13:879][893]PIE: Play in editor start time for /Game/UEDPIE_0_iPadOSC_Level 0.815
[2018.04.24-13.46.13:879][893]LogEngine: Changing dynamic resolution state.
[2018.04.24-13.46.13:880][893]LogRenderer: Releasing previous depth to switch default clear from depth: 0.000000 stencil: 0 to depth: 0.000000 stencil: 0
[2018.04.24-13.46.13:880][893]LogHMD: Allocating Oculus 2720 x 1600 depth rendertarget swapchain
[2018.04.24-13.46.15:018][995]LogScriptCore: Warning: Script Msg: Divide by zero detected: 23.699736 / 0
Script call stack:
	Function /LeapMotion/Character/Echo/LeapEchoHands_AnimBlueprint.LeapEchoHands_AnimBlueprint_C:BlueprintUpdateAnimation
	Function /LeapMotion/Character/Echo/LeapEchoHands_AnimBlueprint.LeapEchoHands_AnimBlueprint_C:ExecuteUbergraph_LeapEchoHands_AnimBlueprint
	Function /LeapMotion/Character/Echo/LeapEchoHands_AnimBlueprint.LeapEchoHands_AnimBlueprint_C:Set Scaling If Enabled

[2018.04.24-13.46.15:018][995]LogScriptCore: Warning: Script Msg: Divide by zero detected: 23.699736 / 0
Script call stack:
	Function /LeapMotion/Character/Echo/LeapEchoHands_AnimBlueprint.LeapEchoHands_AnimBlueprint_C:BlueprintUpdateAnimation
	Function /LeapMotion/Character/Echo/LeapEchoHands_AnimBlueprint.LeapEchoHands_AnimBlueprint_C:ExecuteUbergraph_LeapEchoHands_AnimBlueprint
	Function /LeapMotion/Character/Echo/LeapEchoHands_AnimBlueprint.LeapEchoHands_AnimBlueprint_C:Set Scaling If Enabled

[2018.04.24-13.46.23:664][766]LogOSC: Display: Stop listening
[2018.04.24-13.46.23:719][766]LogSlate: Window 'UnrealSketching Game Preview Standalone (64-bit/PCD3D_SM5)' being destroyed
[2018.04.24-13.46.23:799][767]LogEngine: Changing dynamic resolution state.
[2018.04.24-13.46.26:535][ 94]LogEditorViewport: Clicking on Actor (LMB): StaticMeshActor (SM_TableRound)
[2018.04.24-13.46.27:169][165]LogEditorViewport: Clicking on Actor (LMB): StaticMeshActor (Screen)
[2018.04.24-13.46.28:628][335]LogEditorViewport: Clicking on Actor (LMB): StaticMeshActor (Screen)
[2018.04.24-13.46.29:470][434]LogSlate: FSceneViewport::OnFocusLost() reason 0
[2018.04.24-13.46.30:332][529]LogSlate: Took 0.004850 seconds to synchronously load lazily loaded font '../../../Engine/Content/Slate/Fonts/Roboto-Italic.ttf' (157K)
[2018.04.24-13.46.37:596][392]LogOSC: Display: Stop listening
[2018.04.24-13.46.37:607][392]LogOSC: Display: Listen to port 8000
[2018.04.24-13.46.37:607][392]LogPlayLevel: PlayLevel: No blueprints needed recompiling
[2018.04.24-13.46.37:607][392]LogHMD: Initializing OVRPlugin session
[2018.04.24-13.46.37:656][392]PIE: New page: PIE session: iPadOSC_Level (24 Apr 2018 17:46:37)
[2018.04.24-13.46.37:656][392]LogPlayLevel: Creating play world package: /Game/UEDPIE_0_iPadOSC_Level
[2018.04.24-13.46.37:659][392]LogPlayLevel: PIE: StaticDuplicateObject took: (0.002431s)
[2018.04.24-13.46.37:659][392]LogAIModule: Creating AISystem for world iPadOSC_Level
[2018.04.24-13.46.37:660][392]LogPlayLevel: PIE: World Init took: (0.000973s)
[2018.04.24-13.46.37:660][392]LogPlayLevel: PIE: Created PIE world by copying editor world from /Game/iPadOSC_Level.iPadOSC_Level to /Game/UEDPIE_0_iPadOSC_Level.iPadOSC_Level (0.003801s)
[2018.04.24-13.46.37:678][392]LogInit: XAudio2 using 'Headphones (Rift Audio)' : 2 channels at 48 kHz using 16 bits per sample (channel mask 0x3)
[2018.04.24-13.46.37:686][392]LogInit: FAudioDevice initialized.
[2018.04.24-13.46.37:713][392]LogStats: Warning: MetaData mismatch. Did you assign a stat to two groups? New //STATGROUP_Threads//OSCListener///Thread_3150_0///####STATCAT_Advanced#### old //STATGROUP_Threads//OSCListener///Thread_f64_0///####STATCAT_Advanced####
[2018.04.24-13.46.37:763][392]LogHMD: Allocating Oculus 2720 x 1600 rendertarget swapchain
[2018.04.24-13.46.37:789][392]LogLoad: Game class is 'LM_C'
[2018.04.24-13.46.37:790][392]LogWorld: Bringing World /Game/UEDPIE_0_iPadOSC_Level.iPadOSC_Level up for play (max tick rate 0) at 2018.04.24-15.46.37
[2018.04.24-13.46.37:790][392]LogWorld: Bringing up level for play took: 0.000596
[2018.04.24-13.46.37:791][392]LeapPluginLog: InterfaceObject: LeapAnimBodyConnector_C_0
[2018.04.24-13.46.37:793][392]LogBlueprintUserMessages: [OSC_VP_25] Listening for OSC
[2018.04.24-13.46.37:793][392]Cmd: stereo reset
[2018.04.24-13.46.37:793][392]Command not recognized: stereo reset
[2018.04.24-13.46.37:798][392]PIE: Play in editor start time for /Game/UEDPIE_0_iPadOSC_Level 0.734
[2018.04.24-13.46.37:798][392]LogEngine: Changing dynamic resolution state.
[2018.04.24-13.46.37:800][392]LogRenderer: Releasing previous depth to switch default clear from depth: 0.000000 stencil: 0 to depth: 0.000000 stencil: 0
[2018.04.24-13.46.37:800][392]LogHMD: Allocating Oculus 2720 x 1600 depth rendertarget swapchain
[2018.04.24-13.46.38:720][475]LogScriptCore: Warning: Script Msg: Divide by zero detected: 24.081516 / 0
Script call stack:
	Function /LeapMotion/Character/Echo/LeapEchoHands_AnimBlueprint.LeapEchoHands_AnimBlueprint_C:BlueprintUpdateAnimation
	Function /LeapMotion/Character/Echo/LeapEchoHands_AnimBlueprint.LeapEchoHands_AnimBlueprint_C:ExecuteUbergraph_LeapEchoHands_AnimBlueprint
	Function /LeapMotion/Character/Echo/LeapEchoHands_AnimBlueprint.LeapEchoHands_AnimBlueprint_C:Set Scaling If Enabled

[2018.04.24-13.46.38:720][475]LogScriptCore: Warning: Script Msg: Divide by zero detected: 24.081516 / 0
Script call stack:
	Function /LeapMotion/Character/Echo/LeapEchoHands_AnimBlueprint.LeapEchoHands_AnimBlueprint_C:BlueprintUpdateAnimation
	Function /LeapMotion/Character/Echo/LeapEchoHands_AnimBlueprint.LeapEchoHands_AnimBlueprint_C:ExecuteUbergraph_LeapEchoHands_AnimBlueprint
	Function /LeapMotion/Character/Echo/LeapEchoHands_AnimBlueprint.LeapEchoHands_AnimBlueprint_C:Set Scaling If Enabled

